\BOOKMARK [1][-]{section.1}{\376\377\000G\000i\036\333\000i\000\040\000t\000h\000i\036\307\000u}{}% 1
\BOOKMARK [1][-]{section.2}{\376\377\000C\001\241\000\040\000s\036\337\000\040\000l\000\375\000\040\000t\000h\000u\000y\036\277\000t}{}% 2
\BOOKMARK [2][-]{subsection.2.1}{\376\377\000T\000\355\000c\000h\000\040\000p\000h\000\342\000n\000\040\000m\036\267\000t\000\040\000l\000o\036\241\000i\000\040\0001}{section.2}% 3
\BOOKMARK [3][-]{subsubsection.2.1.1}{\376\377\001\020\036\313\000n\000h\000\040\000n\000g\000h\001\051\000a}{subsection.2.1}% 4
\BOOKMARK [3][-]{subsubsection.2.1.2}{\376\377\000C\000\341\000c\000h\000\040\000t\000\355\000n\000h}{subsection.2.1}% 5
\BOOKMARK [3][-]{subsubsection.2.1.3}{\376\377\000P\000h\000\342\000n\000\040\000b\000i\036\307\000t\000\040\000t\000\355\000c\000h\000\040\000p\000h\000\342\000n\000\040\000m\036\267\000t\000\040\000l\000o\036\241\000i\000\040\000I\000\040\000v\000\340\000\040\000l\000o\036\241\000i\000\040\000I\000I}{subsection.2.1}% 6
\BOOKMARK [3][-]{subsubsection.2.1.4}{\376\377\000V\000\355\000\040\000d\036\345\000\040\000m\000i\000n\000h\000\040\000h\036\315\000a}{subsection.2.1}% 7
\BOOKMARK [2][-]{subsection.2.2}{\376\377\000T\000h\000a\000m\000\040\000s\036\321\000\040\000h\000o\000\341\000\040\000b\036\301\000\040\000m\036\267\000t}{section.2}% 8
\BOOKMARK [3][-]{subsubsection.2.2.1}{\376\377\000G\000i\036\333\000i\000\040\000t\000h\000i\036\307\000u\000\040\000q\000u\000a\000\040\000t\000h\000a\000m\000\040\000s\036\321\000\040\000h\000o\000\341}{subsection.2.2}% 9
\BOOKMARK [3][-]{subsubsection.2.2.2}{\376\377\000T\000h\000a\000m\000\040\000s\036\321\000\040\000h\000o\000\341\000\040\000m\036\267\000t\000\040\000p\000h\036\263\000n\000g}{subsection.2.2}% 10
\BOOKMARK [3][-]{subsubsection.2.2.3}{\376\377\000T\000\355\000n\000h\000\040\000d\000i\036\307\000n\000\040\000t\000\355\000c\000h\000\040\000b\036\301\000\040\000m\036\267\000t\000\040\000t\000h\000a\000m\000\040\000s\036\321\000\040\000h\000o\000\341}{subsection.2.2}% 11
\BOOKMARK [1][-]{section.3}{\376\377\036\350\000n\000g\000\040\000d\036\345\000n\000g\000\040\000t\000h\036\361\000c\000\040\000t\036\277}{}% 12
\BOOKMARK [2][-]{subsection.3.1}{\376\377\000B\000\300\000I\000\040\000T\000O\000\301\000N\000\040\0001\000:\000\040\000M\000\364\000\040\000h\000\354\000n\000h\000\040\001\021\001\260\036\335\000n\000g\000\040\000h\036\247\000m\000\040\000n\000\372\000i\000\040\000t\000u\000y\036\277\000t\000\040\000\050\000G\000i\036\243\000i\000\040\000b\036\261\000n\000g\000\040\000T\000\355\000c\000h\000\040\000p\000h\000\342\000n\000\040\000m\036\267\000t\000\040\000l\000o\036\241\000i\000\040\0001\000\051}{section.3}% 13
\BOOKMARK [3][-]{subsubsection.3.1.1}{\376\377\000L\036\335\000i\000\040\000g\000i\036\243\000i\000\040\000c\000h\000i\000\040\000t\000i\036\277\000t\000\040\000b\036\261\000n\000g\000\040\000g\000i\036\243\000i\000\040\000t\000\355\000c\000h}{subsection.3.1}% 14
\BOOKMARK [3][-]{subsubsection.3.1.2}{\376\377\000K\036\277\000t\000\040\000q\000u\036\243\000\040\000m\000\364\000\040\000p\000h\036\317\000n\000g\000\040\000M\000a\000t\000l\000a\000b}{subsection.3.1}% 15
\BOOKMARK [2][-]{subsection.3.2}{\376\377\000B\000\300\000I\000\040\000T\000O\000\301\000N\000\040\0002\000:\000\040\000M\000\364\000\040\000h\000\354\000n\000h\000\040\000c\036\247\000u\000\040\001\021\000\341\000\040\000\050\000G\000i\036\243\000i\000\040\000b\036\261\000n\000g\000\040\000T\000h\000a\000m\000\040\000s\036\321\000\040\000h\000\363\000a\000\040\000b\036\301\000\040\000m\036\267\000t\000\051}{section.3}% 16
\BOOKMARK [3][-]{subsubsection.3.2.1}{\376\377\000L\036\335\000i\000\040\000g\000i\036\243\000i\000\040\000c\000h\000i\000\040\000t\000i\036\277\000t\000\040\000b\036\261\000n\000g\000\040\000g\000i\036\243\000i\000\040\000t\000\355\000c\000h}{subsection.3.2}% 17
\BOOKMARK [3][-]{subsubsection.3.2.2}{\376\377\000K\036\277\000t\000\040\000q\000u\036\243\000\040\000m\000\364\000\040\000p\000h\036\317\000n\000g\000\040\000M\000a\000t\000l\000a\000b}{subsection.3.2}% 18
\BOOKMARK [2][-]{subsection.3.3}{\376\377\000B\000\300\000I\000\040\000T\000O\000\301\000N\000\040\0003\000:\000\040\000B\000\340\000i\000\040\000t\000o\000\341\000n\000\040\000C\036\247\000u\000\040\000t\000h\000a\000n\000g}{section.3}% 19
\BOOKMARK [3][-]{subsubsection.3.3.1}{\376\377\000L\036\335\000i\000\040\000g\000i\036\243\000i\000\040\000c\000h\000i\000\040\000t\000i\036\277\000t\000\040\000b\036\261\000n\000g\000\040\000g\000i\036\243\000i\000\040\000t\000\355\000c\000h}{subsection.3.3}% 20
\BOOKMARK [3][-]{subsubsection.3.3.2}{\376\377\000K\036\277\000t\000\040\000q\000u\036\243\000\040\000m\000\364\000\040\000p\000h\036\317\000n\000g\000\040\000m\000a\000t\000l\000a\000b}{subsection.3.3}% 21
\BOOKMARK [1][-]{appendix.A}{\376\377\000P\000h\036\345\000\040\000l\036\345\000c\000\040\000-\000\040\000M\000\343\000\040\000n\000g\000u\036\323\000n\000\040\000M\000A\000T\000L\000A\000B}{}% 22
\BOOKMARK [2][-]{subsection.A.1}{\376\377\000M\000\343\000\040\000n\000g\000u\036\323\000n\000\040\000c\000h\000o\000\040\000B\000\340\000i\000\040\000t\000o\000\341\000n\000\040\0001\000:\000\040\001\020\001\260\036\335\000n\000g\000\040\000h\036\247\000m\000\040\000n\000\372\000i\000\040\000t\000u\000y\036\277\000t}{appendix.A}% 23
\BOOKMARK [2][-]{subsection.A.2}{\376\377\000M\000\343\000\040\000n\000g\000u\036\323\000n\000\040\000c\000h\000o\000\040\000B\000\340\000i\000\040\000t\000o\000\341\000n\000\040\0002\000:\000\040\000M\000\364\000\040\000h\000\354\000n\000h\000\040\000c\036\247\000u\000\040\001\021\000\341}{appendix.A}% 24
\BOOKMARK [2][-]{subsection.A.3}{\376\377\000M\000\343\000\040\000n\000g\000u\036\323\000n\000\040\000c\000h\000o\000\040\000B\000\340\000i\000\040\000t\000o\000\341\000n\000\040\0003\000:\000\040\000B\000\340\000i\000\040\000t\000o\000\341\000n\000\040\000C\036\247\000u\000\040\000t\000h\000a\000n\000g}{appendix.A}% 25
